** DEBUG: URL for request is :https://5084cd8b120e7c807e33:4b91efc9-1ab5-4b51-ac3c-254eb0b2bcb8@api.amp.cisco.com/v1/event_types
** DEBUG: Found Triage Event Type!
** DEBUG: Found Event Type!
** DEBUG: Event id is:553648143
** DEBUG: Event id is:1090519054
** DEBUG: URL for request is :https://5084cd8b120e7c807e33:4b91efc9-1ab5-4b51-ac3c-254eb0b2bcb8@api.amp.cisco.com/v1/groups
** DEBUG: Found dest Group Name id - 93b92206-242f-4b3c-b08a-8987e0a0a02c 
** DEBUG: Found source Group Name id - 12f5f95a-b256-4cd2-8abf-9c8682eeadc6 
** DEBUG: Found Triage dest Group Name id - 61064f61-75c6-4438-952f-601adf829f2d 
** DEBUG: URL for request is :https://5084cd8b120e7c807e33:4b91efc9-1ab5-4b51-ac3c-254eb0b2bcb8@api.amp.cisco.com/v1/events?group_guid[]=12f5f95a-b256-4cd2-8abf-9c8682eeadc6&event_type[]=553648143
** DEBUG: Affected Isolate computer found based on event 212b9cf3-6593-49a5-a10d-cdd7a92f39cb
** DEBUG: Affected Isolate computer found based on event 212b9cf3-6593-49a5-a10d-cdd7a92f39cb
** DEBUG: Affected Isolate computer found based on event 846a7a74-4565-4f9d-a160-df7ab2ef5939
** DEBUG: Affected Isolate computer found based on event 846a7a74-4565-4f9d-a160-df7ab2ef5939
** DEBUG: Affected Isolate computer found based on event 91eab76b-ca0a-4e3d-a246-624296a3c4c7
** DEBUG: Affected Isolate computer found based on event 91eab76b-ca0a-4e3d-a246-624296a3c4c7
** DEBUG: Affected Isolate computer found based on event 91eab76b-ca0a-4e3d-a246-624296a3c4c7
** DEBUG: Affected Isolate computer found based on event 91eab76b-ca0a-4e3d-a246-624296a3c4c7
** DEBUG: Affected Isolate computer found based on event 91eab76b-ca0a-4e3d-a246-624296a3c4c7
** DEBUG: Affected Isolate computer found based on event 91eab76b-ca0a-4e3d-a246-624296a3c4c7
** DEBUG: Affected Isolate computer found based on event 91eab76b-ca0a-4e3d-a246-624296a3c4c7
** DEBUG: Affected Isolate computer found based on event 91eab76b-ca0a-4e3d-a246-624296a3c4c7
** DEBUG: Affected Isolate computer found based on event 91eab76b-ca0a-4e3d-a246-624296a3c4c7
** DEBUG: Affected Isolate computer found based on event 91eab76b-ca0a-4e3d-a246-624296a3c4c7
** DEBUG: Affected Isolate computer found based on event 91eab76b-ca0a-4e3d-a246-624296a3c4c7
** DEBUG: Affected Isolate computer found based on event 846a7a74-4565-4f9d-a160-df7ab2ef5939
** DEBUG: Affected Isolate computer found based on event 91eab76b-ca0a-4e3d-a246-624296a3c4c7
** DEBUG: Affected Isolate computer found based on event 91eab76b-ca0a-4e3d-a246-624296a3c4c7
** DEBUG: Affected Isolate computer found based on event 91eab76b-ca0a-4e3d-a246-624296a3c4c7
** DEBUG: Affected Isolate computer found based on event 91eab76b-ca0a-4e3d-a246-624296a3c4c7
** DEBUG: Affected Isolate computer found based on event 91eab76b-ca0a-4e3d-a246-624296a3c4c7
** DEBUG: Affected Isolate computer found based on event 91eab76b-ca0a-4e3d-a246-624296a3c4c7
** DEBUG: Affected Isolate computer found based on event 91eab76b-ca0a-4e3d-a246-624296a3c4c7
** DEBUG: Affected Isolate computer found based on event 91eab76b-ca0a-4e3d-a246-624296a3c4c7
** DEBUG: Affected Isolate computer found based on event 91eab76b-ca0a-4e3d-a246-624296a3c4c7
** DEBUG: Affected Isolate computer found based on event 91eab76b-ca0a-4e3d-a246-624296a3c4c7
** DEBUG: Affected Isolate computer found based on event 911c5624-3d22-4af2-939a-3bdc95440bf1
** DEBUG: Affected Isolate computer found based on event 91eab76b-ca0a-4e3d-a246-624296a3c4c7
** DEBUG: Affected Isolate computer found based on event 91eab76b-ca0a-4e3d-a246-624296a3c4c7
** DEBUG: Affected Isolate computer found based on event 91eab76b-ca0a-4e3d-a246-624296a3c4c7
** DEBUG: Affected Isolate computer found based on event 91eab76b-ca0a-4e3d-a246-624296a3c4c7
** DEBUG: Isolate Affected Computer id: 846a7a74-4565-4f9d-a160-df7ab2ef5939
** DEBUG: Isolate Affected Computer id: 212b9cf3-6593-49a5-a10d-cdd7a92f39cb
** DEBUG: Isolate Affected Computer id: 911c5624-3d22-4af2-939a-3bdc95440bf1
** DEBUG: Isolate Affected Computer id: 91eab76b-ca0a-4e3d-a246-624296a3c4c7
** DEBUG: Isolate Affected Computer mac_addr: 6b:a6:fe:6c:02:67
** DEBUG: Isolate Affected Computer mac_addr: 40:c3:05:84:31:00
** DEBUG: Isolate Affected Computer mac_addr: 27:4b:91:34:ad:1c
** DEBUG: Isolate Affected Computer mac_addr: 97:28:44:9f:77:c1
** DEBUG: Isolate Affected Computer id: 846a7a74-4565-4f9d-a160-df7ab2ef5939 moved to new group
** DEBUG: Isolate Affected Computer id: 212b9cf3-6593-49a5-a10d-cdd7a92f39cb moved to new group
** DEBUG: Isolate Affected Computer id: 911c5624-3d22-4af2-939a-3bdc95440bf1 moved to new group
** DEBUG: Isolate Affected Computer id: 91eab76b-ca0a-4e3d-a246-624296a3c4c7 moved to new group
** DEBUG: URL for request is :https://5084cd8b120e7c807e33:4b91efc9-1ab5-4b51-ac3c-254eb0b2bcb8@api.amp.cisco.com/v1/events?group_guid[]=12f5f95a-b256-4cd2-8abf-9c8682eeadc6&event_type[]=1090519054
** DEBUG: Affected Triage computer found based on event 212b9cf3-6593-49a5-a10d-cdd7a92f39cb
** DEBUG: Affected Triage computer found based on event 212b9cf3-6593-49a5-a10d-cdd7a92f39cb
** DEBUG: Affected Triage computer found based on event 212b9cf3-6593-49a5-a10d-cdd7a92f39cb
** DEBUG: Affected Triage computer found based on event 212b9cf3-6593-49a5-a10d-cdd7a92f39cb
** DEBUG: Affected Triage computer found based on event 202a0e61-7cd7-4b48-87f7-c59538626f1f
** DEBUG: Affected Triage computer found based on event 202a0e61-7cd7-4b48-87f7-c59538626f1f
** DEBUG: Affected Triage computer found based on event 2683f922-6542-4e70-bfef-27595dc1d7a7
** DEBUG: Affected Triage computer found based on event 09e65fe0-f661-4f39-9262-aac3b6d70036
** DEBUG: Affected Triage computer found based on event 09e65fe0-f661-4f39-9262-aac3b6d70036
** DEBUG: Affected Triage computer found based on event 09e65fe0-f661-4f39-9262-aac3b6d70036
** DEBUG: Affected Triage computer found based on event 202a0e61-7cd7-4b48-87f7-c59538626f1f
** DEBUG: Affected Triage computer found based on event 09e65fe0-f661-4f39-9262-aac3b6d70036
** DEBUG: Affected Triage computer found based on event 2683f922-6542-4e70-bfef-27595dc1d7a7
** DEBUG: Affected Triage computer found based on event 2683f922-6542-4e70-bfef-27595dc1d7a7
** DEBUG: Affected Triage computer found based on event 2683f922-6542-4e70-bfef-27595dc1d7a7
** DEBUG: Affected Triage computer found based on event 2683f922-6542-4e70-bfef-27595dc1d7a7
** DEBUG: Affected Triage computer found based on event 2683f922-6542-4e70-bfef-27595dc1d7a7
** DEBUG: Affected Triage computer found based on event 2683f922-6542-4e70-bfef-27595dc1d7a7
** DEBUG: Affected Triage computer found based on event 2683f922-6542-4e70-bfef-27595dc1d7a7
** DEBUG: Affected Triage computer found based on event 2683f922-6542-4e70-bfef-27595dc1d7a7
** DEBUG: Affected Triage computer found based on event 2683f922-6542-4e70-bfef-27595dc1d7a7
** DEBUG: Affected Triage computer found based on event 2683f922-6542-4e70-bfef-27595dc1d7a7
** DEBUG: Affected Triage computer found based on event 2683f922-6542-4e70-bfef-27595dc1d7a7
** DEBUG: Affected Triage computer found based on event 2683f922-6542-4e70-bfef-27595dc1d7a7
** DEBUG: Affected Triage computer found based on event 2683f922-6542-4e70-bfef-27595dc1d7a7
** DEBUG: Affected Triage computer found based on event 2683f922-6542-4e70-bfef-27595dc1d7a7
** DEBUG: Affected Triage computer found based on event 2683f922-6542-4e70-bfef-27595dc1d7a7
** DEBUG: Affected Triage computer found based on event 2683f922-6542-4e70-bfef-27595dc1d7a7
** DEBUG: Affected Triage computer found based on event 2683f922-6542-4e70-bfef-27595dc1d7a7
** DEBUG: Affected Triage computer found based on event 2683f922-6542-4e70-bfef-27595dc1d7a7
** DEBUG: Affected Triage computer found based on event 2683f922-6542-4e70-bfef-27595dc1d7a7
** DEBUG: Affected Triage computer found based on event 2683f922-6542-4e70-bfef-27595dc1d7a7
** DEBUG: Affected Triage computer found based on event 2683f922-6542-4e70-bfef-27595dc1d7a7
** DEBUG: Affected Triage computer found based on event 2683f922-6542-4e70-bfef-27595dc1d7a7
** DEBUG: Affected Triage computer found based on event 2683f922-6542-4e70-bfef-27595dc1d7a7
** DEBUG: Affected Triage computer found based on event 2683f922-6542-4e70-bfef-27595dc1d7a7
** DEBUG: Affected Triage computer found based on event 2683f922-6542-4e70-bfef-27595dc1d7a7
** DEBUG: Affected Triage computer found based on event 2683f922-6542-4e70-bfef-27595dc1d7a7
** DEBUG: Affected Triage computer found based on event 2683f922-6542-4e70-bfef-27595dc1d7a7
** DEBUG: Affected Triage computer found based on event 2683f922-6542-4e70-bfef-27595dc1d7a7
** DEBUG: Affected Triage computer found based on event 2683f922-6542-4e70-bfef-27595dc1d7a7
** DEBUG: Affected Triage computer found based on event 2683f922-6542-4e70-bfef-27595dc1d7a7
** DEBUG: Affected Triage computer found based on event 2683f922-6542-4e70-bfef-27595dc1d7a7
** DEBUG: Affected Triage computer found based on event 2683f922-6542-4e70-bfef-27595dc1d7a7
** DEBUG: Affected Triage computer found based on event 2683f922-6542-4e70-bfef-27595dc1d7a7
** DEBUG: Affected Triage computer found based on event 2683f922-6542-4e70-bfef-27595dc1d7a7
** DEBUG: Affected Triage computer found based on event 2683f922-6542-4e70-bfef-27595dc1d7a7
** DEBUG: Affected Triage computer found based on event 2683f922-6542-4e70-bfef-27595dc1d7a7
** DEBUG: Affected Triage computer found based on event 2683f922-6542-4e70-bfef-27595dc1d7a7
** DEBUG: Affected Triage computer found based on event 2683f922-6542-4e70-bfef-27595dc1d7a7
** DEBUG: Affected Triage computer found based on event 2683f922-6542-4e70-bfef-27595dc1d7a7
** DEBUG: Affected Triage computer found based on event 2683f922-6542-4e70-bfef-27595dc1d7a7
** DEBUG: Affected Triage computer found based on event 2683f922-6542-4e70-bfef-27595dc1d7a7
** DEBUG: Affected Triage computer found based on event 2683f922-6542-4e70-bfef-27595dc1d7a7
** DEBUG: Affected Triage computer found based on event 2683f922-6542-4e70-bfef-27595dc1d7a7
** DEBUG: Affected Triage computer found based on event 2683f922-6542-4e70-bfef-27595dc1d7a7
** DEBUG: Affected Triage computer found based on event 2683f922-6542-4e70-bfef-27595dc1d7a7
** DEBUG: Affected Triage computer found based on event 2683f922-6542-4e70-bfef-27595dc1d7a7
** DEBUG: Affected Triage computer found based on event 2683f922-6542-4e70-bfef-27595dc1d7a7
** DEBUG: Affected Triage computer found based on event 2683f922-6542-4e70-bfef-27595dc1d7a7
** DEBUG: Affected Triage computer found based on event 2683f922-6542-4e70-bfef-27595dc1d7a7
** DEBUG: Affected Triage computer found based on event 2683f922-6542-4e70-bfef-27595dc1d7a7
** DEBUG: Affected Triage computer found based on event 2683f922-6542-4e70-bfef-27595dc1d7a7
** DEBUG: Affected Triage computer found based on event 2683f922-6542-4e70-bfef-27595dc1d7a7
** DEBUG: Affected Triage computer found based on event 2683f922-6542-4e70-bfef-27595dc1d7a7
** DEBUG: Affected Triage computer found based on event 2683f922-6542-4e70-bfef-27595dc1d7a7
** DEBUG: Affected Triage computer found based on event 2683f922-6542-4e70-bfef-27595dc1d7a7
** DEBUG: Affected Triage computer found based on event 2683f922-6542-4e70-bfef-27595dc1d7a7
** DEBUG: Affected Triage computer found based on event 2683f922-6542-4e70-bfef-27595dc1d7a7
** DEBUG: Affected Triage computer found based on event 2683f922-6542-4e70-bfef-27595dc1d7a7
** DEBUG: Affected Triage computer found based on event 2683f922-6542-4e70-bfef-27595dc1d7a7
** DEBUG: Affected Triage computer found based on event 2683f922-6542-4e70-bfef-27595dc1d7a7
** DEBUG: Affected Triage computer found based on event 2683f922-6542-4e70-bfef-27595dc1d7a7
** DEBUG: Affected Triage computer found based on event 2683f922-6542-4e70-bfef-27595dc1d7a7
** DEBUG: Affected Triage computer found based on event 2683f922-6542-4e70-bfef-27595dc1d7a7
** DEBUG: Affected Triage computer found based on event 2683f922-6542-4e70-bfef-27595dc1d7a7
** DEBUG: Affected Triage computer found based on event 2683f922-6542-4e70-bfef-27595dc1d7a7
** DEBUG: Affected Triage computer found based on event 2683f922-6542-4e70-bfef-27595dc1d7a7
** DEBUG: Affected Triage computer found based on event 2683f922-6542-4e70-bfef-27595dc1d7a7
** DEBUG: Affected Triage computer found based on event 2683f922-6542-4e70-bfef-27595dc1d7a7
** DEBUG: Affected Triage computer found based on event 2683f922-6542-4e70-bfef-27595dc1d7a7
** DEBUG: Affected Triage computer found based on event 2683f922-6542-4e70-bfef-27595dc1d7a7
** DEBUG: Affected Triage computer found based on event 2683f922-6542-4e70-bfef-27595dc1d7a7
** DEBUG: Affected Triage computer found based on event 2683f922-6542-4e70-bfef-27595dc1d7a7
** DEBUG: Affected Triage computer found based on event 2683f922-6542-4e70-bfef-27595dc1d7a7
** DEBUG: Affected Triage computer found based on event 2683f922-6542-4e70-bfef-27595dc1d7a7
** DEBUG: Affected Triage computer found based on event 2683f922-6542-4e70-bfef-27595dc1d7a7
** DEBUG: Affected Triage computer found based on event 2683f922-6542-4e70-bfef-27595dc1d7a7
** DEBUG: Affected Triage computer found based on event 2683f922-6542-4e70-bfef-27595dc1d7a7
** DEBUG: Affected Triage computer found based on event 2683f922-6542-4e70-bfef-27595dc1d7a7
** DEBUG: Affected Triage computer found based on event 2683f922-6542-4e70-bfef-27595dc1d7a7
** DEBUG: Affected Triage computer found based on event 2683f922-6542-4e70-bfef-27595dc1d7a7
** DEBUG: Affected Triage computer found based on event 2683f922-6542-4e70-bfef-27595dc1d7a7
** DEBUG: Affected Triage computer found based on event 2683f922-6542-4e70-bfef-27595dc1d7a7
** DEBUG: Affected Triage computer found based on event 2683f922-6542-4e70-bfef-27595dc1d7a7
** DEBUG: Affected Triage computer found based on event 2683f922-6542-4e70-bfef-27595dc1d7a7
** DEBUG: Affected Triage computer found based on event 2683f922-6542-4e70-bfef-27595dc1d7a7
** DEBUG: Affected Triage computer found based on event 2683f922-6542-4e70-bfef-27595dc1d7a7
** DEBUG: Affected Triage computer found based on event 2683f922-6542-4e70-bfef-27595dc1d7a7
** DEBUG: Affected Triage computer found based on event 2683f922-6542-4e70-bfef-27595dc1d7a7
** DEBUG: Affected Triage computer found based on event 2683f922-6542-4e70-bfef-27595dc1d7a7
** DEBUG: Affected Triage computer found based on event 2683f922-6542-4e70-bfef-27595dc1d7a7
** DEBUG: Affected Triage computer found based on event 2683f922-6542-4e70-bfef-27595dc1d7a7
** DEBUG: Affected Triage computer found based on event 09e65fe0-f661-4f39-9262-aac3b6d70036
** DEBUG: Affected Triage computer found based on event 2683f922-6542-4e70-bfef-27595dc1d7a7
** DEBUG: Affected Triage computer found based on event 2683f922-6542-4e70-bfef-27595dc1d7a7
** DEBUG: Affected Triage computer found based on event 2683f922-6542-4e70-bfef-27595dc1d7a7
** DEBUG: Affected Triage computer found based on event 2683f922-6542-4e70-bfef-27595dc1d7a7
** DEBUG: Affected Triage computer found based on event 2683f922-6542-4e70-bfef-27595dc1d7a7
** DEBUG: Affected Triage computer found based on event 2683f922-6542-4e70-bfef-27595dc1d7a7
** DEBUG: Affected Triage computer found based on event 09e65fe0-f661-4f39-9262-aac3b6d70036
** DEBUG: Affected Triage computer found based on event 2683f922-6542-4e70-bfef-27595dc1d7a7
** DEBUG: Affected Triage computer found based on event 09e65fe0-f661-4f39-9262-aac3b6d70036
** DEBUG: Affected Triage computer found based on event 09e65fe0-f661-4f39-9262-aac3b6d70036
** DEBUG: Affected Triage computer found based on event 09e65fe0-f661-4f39-9262-aac3b6d70036
** DEBUG: Affected Triage computer found based on event 09e65fe0-f661-4f39-9262-aac3b6d70036
** DEBUG: Affected Triage computer found based on event 2683f922-6542-4e70-bfef-27595dc1d7a7
** DEBUG: Affected Triage computer found based on event 09e65fe0-f661-4f39-9262-aac3b6d70036
** DEBUG: Affected Triage computer found based on event 09e65fe0-f661-4f39-9262-aac3b6d70036
** DEBUG: Affected Triage computer found based on event 09e65fe0-f661-4f39-9262-aac3b6d70036
** DEBUG: Affected Triage computer found based on event 09e65fe0-f661-4f39-9262-aac3b6d70036
** DEBUG: Affected Triage computer found based on event 09e65fe0-f661-4f39-9262-aac3b6d70036
** DEBUG: Affected Triage computer found based on event 09e65fe0-f661-4f39-9262-aac3b6d70036
** DEBUG: Affected Triage computer found based on event 09e65fe0-f661-4f39-9262-aac3b6d70036
** DEBUG: Affected Triage computer found based on event 09e65fe0-f661-4f39-9262-aac3b6d70036
** DEBUG: Affected Triage computer found based on event 09e65fe0-f661-4f39-9262-aac3b6d70036
** DEBUG: Affected Triage computer found based on event 09e65fe0-f661-4f39-9262-aac3b6d70036
** DEBUG: Affected Triage computer found based on event 09e65fe0-f661-4f39-9262-aac3b6d70036
** DEBUG: Affected Triage computer found based on event 09e65fe0-f661-4f39-9262-aac3b6d70036
** DEBUG: Affected Triage computer found based on event 09e65fe0-f661-4f39-9262-aac3b6d70036
** DEBUG: Affected Triage computer found based on event 09e65fe0-f661-4f39-9262-aac3b6d70036
** DEBUG: Affected Triage computer found based on event 09e65fe0-f661-4f39-9262-aac3b6d70036
** DEBUG: Affected Triage computer found based on event 09e65fe0-f661-4f39-9262-aac3b6d70036
** DEBUG: Affected Triage computer found based on event 09e65fe0-f661-4f39-9262-aac3b6d70036
** DEBUG: Affected Triage computer found based on event 09e65fe0-f661-4f39-9262-aac3b6d70036
** DEBUG: Affected Triage computer found based on event 09e65fe0-f661-4f39-9262-aac3b6d70036
** DEBUG: Affected Triage computer found based on event 09e65fe0-f661-4f39-9262-aac3b6d70036
** DEBUG: Affected Triage computer found based on event 09e65fe0-f661-4f39-9262-aac3b6d70036
** DEBUG: Affected Triage computer found based on event 09e65fe0-f661-4f39-9262-aac3b6d70036
** DEBUG: Affected Triage computer found based on event 09e65fe0-f661-4f39-9262-aac3b6d70036
** DEBUG: Affected Triage computer found based on event 09e65fe0-f661-4f39-9262-aac3b6d70036
** DEBUG: Affected Triage computer found based on event 09e65fe0-f661-4f39-9262-aac3b6d70036
** DEBUG: Affected Triage computer found based on event 1211ab10-634a-43c5-9785-cfbcea44ecac
** DEBUG: Affected Triage computer found based on event 1211ab10-634a-43c5-9785-cfbcea44ecac
** DEBUG: Affected Triage computer found based on event 1211ab10-634a-43c5-9785-cfbcea44ecac
** DEBUG: Affected Triage computer found based on event 1211ab10-634a-43c5-9785-cfbcea44ecac
** DEBUG: Affected Triage computer found based on event 1211ab10-634a-43c5-9785-cfbcea44ecac
** DEBUG: Affected Triage computer found based on event 1211ab10-634a-43c5-9785-cfbcea44ecac
** DEBUG: Affected Triage computer found based on event 1211ab10-634a-43c5-9785-cfbcea44ecac
** DEBUG: Affected Triage computer found based on event 1211ab10-634a-43c5-9785-cfbcea44ecac
** DEBUG: Affected Triage computer found based on event 1211ab10-634a-43c5-9785-cfbcea44ecac
** DEBUG: Affected Triage computer found based on event 1211ab10-634a-43c5-9785-cfbcea44ecac
** DEBUG: Affected Triage computer found based on event 1211ab10-634a-43c5-9785-cfbcea44ecac
** DEBUG: Affected Triage computer found based on event 09e65fe0-f661-4f39-9262-aac3b6d70036
** DEBUG: Affected Triage computer found based on event 09e65fe0-f661-4f39-9262-aac3b6d70036
** DEBUG: Affected Triage computer found based on event 09e65fe0-f661-4f39-9262-aac3b6d70036
** DEBUG: Affected Triage computer found based on event 2e12f1ae-1108-4168-95e7-2cbec8a9e973
** DEBUG: Affected Triage computer found based on event 2e12f1ae-1108-4168-95e7-2cbec8a9e973
** DEBUG: Affected Triage computer found based on event 2e12f1ae-1108-4168-95e7-2cbec8a9e973
** DEBUG: Affected Triage computer found based on event 09e65fe0-f661-4f39-9262-aac3b6d70036
** DEBUG: Affected Triage computer found based on event 09e65fe0-f661-4f39-9262-aac3b6d70036
** DEBUG: Affected Triage computer found based on event 09e65fe0-f661-4f39-9262-aac3b6d70036
** DEBUG: Affected Triage computer found based on event 09e65fe0-f661-4f39-9262-aac3b6d70036
** DEBUG: Affected Triage computer found based on event 1211ab10-634a-43c5-9785-cfbcea44ecac
** DEBUG: Affected Triage computer found based on event 1211ab10-634a-43c5-9785-cfbcea44ecac
** DEBUG: Affected Triage computer found based on event 2a0cc5d8-2b9c-4a50-be64-4ea2d9a124fe
** DEBUG: Affected Triage computer found based on event 2a0cc5d8-2b9c-4a50-be64-4ea2d9a124fe
** DEBUG: Affected Triage computer found based on event 09e65fe0-f661-4f39-9262-aac3b6d70036
** DEBUG: Affected Triage computer found based on event 09e65fe0-f661-4f39-9262-aac3b6d70036
** DEBUG: Affected Triage computer found based on event 09e65fe0-f661-4f39-9262-aac3b6d70036
** DEBUG: Affected Triage computer found based on event 09e65fe0-f661-4f39-9262-aac3b6d70036
** DEBUG: Affected Triage computer found based on event 09e65fe0-f661-4f39-9262-aac3b6d70036
** DEBUG: Affected Triage computer found based on event 09e65fe0-f661-4f39-9262-aac3b6d70036
** DEBUG: Affected Triage computer found based on event 9b171912-6aae-4292-85f0-11927bfdd0c2
** DEBUG: Affected Triage computer found based on event 09e65fe0-f661-4f39-9262-aac3b6d70036
** DEBUG: Affected Triage computer found based on event a84131fa-ec4e-414c-a719-ce37aa9574b9
** DEBUG: Affected Triage computer found based on event a84131fa-ec4e-414c-a719-ce37aa9574b9
** DEBUG: Affected Triage computer found based on event a84131fa-ec4e-414c-a719-ce37aa9574b9
** DEBUG: Affected Triage computer found based on event 9b171912-6aae-4292-85f0-11927bfdd0c2
** DEBUG: Affected Triage computer found based on event 09e65fe0-f661-4f39-9262-aac3b6d70036
** DEBUG: Affected Triage computer found based on event 9b171912-6aae-4292-85f0-11927bfdd0c2
** DEBUG: Affected Triage computer found based on event 09e65fe0-f661-4f39-9262-aac3b6d70036
** DEBUG: Affected Triage computer found based on event 9b171912-6aae-4292-85f0-11927bfdd0c2
** DEBUG: Affected Triage computer found based on event 09e65fe0-f661-4f39-9262-aac3b6d70036
** DEBUG: Affected Triage computer found based on event 09e65fe0-f661-4f39-9262-aac3b6d70036
** DEBUG: Affected Triage computer found based on event 09e65fe0-f661-4f39-9262-aac3b6d70036
** DEBUG: Affected Triage computer found based on event 09e65fe0-f661-4f39-9262-aac3b6d70036
** DEBUG: Affected Triage computer found based on event 09e65fe0-f661-4f39-9262-aac3b6d70036
** DEBUG: Affected Triage computer found based on event 09e65fe0-f661-4f39-9262-aac3b6d70036
** DEBUG: Affected Triage computer found based on event 09e65fe0-f661-4f39-9262-aac3b6d70036
** DEBUG: Affected Triage computer found based on event 09e65fe0-f661-4f39-9262-aac3b6d70036
** DEBUG: Affected Triage computer found based on event 9b171912-6aae-4292-85f0-11927bfdd0c2
** DEBUG: Affected Triage computer found based on event 09e65fe0-f661-4f39-9262-aac3b6d70036
** DEBUG: Affected Triage computer found based on event 9b171912-6aae-4292-85f0-11927bfdd0c2
** DEBUG: Affected Triage computer found based on event 09e65fe0-f661-4f39-9262-aac3b6d70036
** DEBUG: Affected Triage computer found based on event 9b171912-6aae-4292-85f0-11927bfdd0c2
** DEBUG: Affected Triage computer found based on event 9b171912-6aae-4292-85f0-11927bfdd0c2
** DEBUG: Affected Triage computer found based on event 09e65fe0-f661-4f39-9262-aac3b6d70036
** DEBUG: Affected Triage computer found based on event 9b171912-6aae-4292-85f0-11927bfdd0c2
** DEBUG: Affected Triage computer found based on event 9b171912-6aae-4292-85f0-11927bfdd0c2
** DEBUG: Affected Triage computer found based on event 09e65fe0-f661-4f39-9262-aac3b6d70036
** DEBUG: Affected Triage computer found based on event 09e65fe0-f661-4f39-9262-aac3b6d70036
** DEBUG: Affected Triage computer found based on event 09e65fe0-f661-4f39-9262-aac3b6d70036
** DEBUG: Affected Triage computer found based on event 3d39b68b-3563-4672-9aa2-2c17203b09ad
** DEBUG: Affected Triage computer found based on event 09e65fe0-f661-4f39-9262-aac3b6d70036
** DEBUG: Affected Triage computer found based on event 3d39b68b-3563-4672-9aa2-2c17203b09ad
** DEBUG: Affected Triage computer found based on event 09e65fe0-f661-4f39-9262-aac3b6d70036
** DEBUG: Affected Triage computer found based on event 09e65fe0-f661-4f39-9262-aac3b6d70036
** DEBUG: Affected Triage computer found based on event 09e65fe0-f661-4f39-9262-aac3b6d70036
** DEBUG: Affected Triage computer found based on event 3d39b68b-3563-4672-9aa2-2c17203b09ad
** DEBUG: Affected Triage computer found based on event 3d39b68b-3563-4672-9aa2-2c17203b09ad
** DEBUG: Affected Triage computer found based on event 3d39b68b-3563-4672-9aa2-2c17203b09ad
** DEBUG: Affected Triage computer found based on event 3d39b68b-3563-4672-9aa2-2c17203b09ad
** DEBUG: Affected Triage computer found based on event 3d39b68b-3563-4672-9aa2-2c17203b09ad
** DEBUG: Affected Triage computer found based on event 09e65fe0-f661-4f39-9262-aac3b6d70036
** DEBUG: Affected Triage computer found based on event 3d39b68b-3563-4672-9aa2-2c17203b09ad
** DEBUG: Affected Triage computer found based on event 3d39b68b-3563-4672-9aa2-2c17203b09ad
** DEBUG: Affected Triage computer found based on event 3d39b68b-3563-4672-9aa2-2c17203b09ad
** DEBUG: Affected Triage computer found based on event 3d39b68b-3563-4672-9aa2-2c17203b09ad
** DEBUG: Affected Triage computer found based on event 3d39b68b-3563-4672-9aa2-2c17203b09ad
** DEBUG: Affected Triage computer found based on event 3d39b68b-3563-4672-9aa2-2c17203b09ad
** DEBUG: Affected Triage computer found based on event 3d39b68b-3563-4672-9aa2-2c17203b09ad
** DEBUG: Affected Triage computer found based on event 3d39b68b-3563-4672-9aa2-2c17203b09ad
** DEBUG: Affected Triage computer found based on event 3d39b68b-3563-4672-9aa2-2c17203b09ad
** DEBUG: Affected Triage computer found based on event 3d39b68b-3563-4672-9aa2-2c17203b09ad
** DEBUG: Affected Triage computer found based on event 3d39b68b-3563-4672-9aa2-2c17203b09ad
** DEBUG: Affected Triage computer found based on event 3d39b68b-3563-4672-9aa2-2c17203b09ad
** DEBUG: Affected Triage computer found based on event 3d39b68b-3563-4672-9aa2-2c17203b09ad
** DEBUG: Affected Triage computer found based on event 3d39b68b-3563-4672-9aa2-2c17203b09ad
** DEBUG: Affected Triage computer found based on event 3d39b68b-3563-4672-9aa2-2c17203b09ad
** DEBUG: Affected Triage computer found based on event 3d39b68b-3563-4672-9aa2-2c17203b09ad
** DEBUG: Affected Triage computer found based on event 3d39b68b-3563-4672-9aa2-2c17203b09ad
** DEBUG: Affected Triage computer found based on event 3d39b68b-3563-4672-9aa2-2c17203b09ad
** DEBUG: Affected Triage computer found based on event 3d39b68b-3563-4672-9aa2-2c17203b09ad
** DEBUG: Affected Triage computer found based on event 3d39b68b-3563-4672-9aa2-2c17203b09ad
** DEBUG: Affected Triage computer found based on event 3d39b68b-3563-4672-9aa2-2c17203b09ad
** DEBUG: Affected Triage computer found based on event 3d39b68b-3563-4672-9aa2-2c17203b09ad
** DEBUG: Affected Triage computer found based on event 09e65fe0-f661-4f39-9262-aac3b6d70036
** DEBUG: Affected Triage computer found based on event 09e65fe0-f661-4f39-9262-aac3b6d70036
** DEBUG: Affected Triage computer found based on event 09e65fe0-f661-4f39-9262-aac3b6d70036
** DEBUG: Affected Triage computer found based on event 09e65fe0-f661-4f39-9262-aac3b6d70036
** DEBUG: Affected Triage computer found based on event 09e65fe0-f661-4f39-9262-aac3b6d70036
** DEBUG: Affected Triage computer found based on event ff94ea33-8b3f-4338-9b02-d7b89d4f7570
** DEBUG: Affected Triage computer found based on event 09e65fe0-f661-4f39-9262-aac3b6d70036
** DEBUG: Affected Triage computer found based on event ff94ea33-8b3f-4338-9b02-d7b89d4f7570
** DEBUG: Affected Triage computer found based on event ff94ea33-8b3f-4338-9b02-d7b89d4f7570
** DEBUG: Affected Triage computer found based on event ff94ea33-8b3f-4338-9b02-d7b89d4f7570
** DEBUG: Affected Triage computer found based on event ff94ea33-8b3f-4338-9b02-d7b89d4f7570
** DEBUG: Affected Triage computer found based on event ff94ea33-8b3f-4338-9b02-d7b89d4f7570
** DEBUG: Affected Triage computer found based on event ff94ea33-8b3f-4338-9b02-d7b89d4f7570
** DEBUG: Affected Triage computer found based on event ff94ea33-8b3f-4338-9b02-d7b89d4f7570
** DEBUG: Affected Triage computer found based on event 09e65fe0-f661-4f39-9262-aac3b6d70036
** DEBUG: Affected Triage computer found based on event ff94ea33-8b3f-4338-9b02-d7b89d4f7570
** DEBUG: Affected Triage computer found based on event ff94ea33-8b3f-4338-9b02-d7b89d4f7570
** DEBUG: Affected Triage computer found based on event ff94ea33-8b3f-4338-9b02-d7b89d4f7570
** DEBUG: Affected Triage computer found based on event 09e65fe0-f661-4f39-9262-aac3b6d70036
** DEBUG: Affected Triage computer found based on event ff94ea33-8b3f-4338-9b02-d7b89d4f7570
** DEBUG: Affected Triage computer found based on event ff94ea33-8b3f-4338-9b02-d7b89d4f7570
** DEBUG: Affected Triage computer found based on event ff94ea33-8b3f-4338-9b02-d7b89d4f7570
** DEBUG: Affected Triage computer found based on event ff94ea33-8b3f-4338-9b02-d7b89d4f7570
** DEBUG: Affected Triage computer found based on event ff94ea33-8b3f-4338-9b02-d7b89d4f7570
** DEBUG: Affected Triage computer found based on event ff94ea33-8b3f-4338-9b02-d7b89d4f7570
** DEBUG: Affected Triage computer found based on event 09e65fe0-f661-4f39-9262-aac3b6d70036
** DEBUG: Affected Triage computer found based on event 09e65fe0-f661-4f39-9262-aac3b6d70036
** DEBUG: Affected Triage computer found based on event ff94ea33-8b3f-4338-9b02-d7b89d4f7570
** DEBUG: Affected Triage computer found based on event ff94ea33-8b3f-4338-9b02-d7b89d4f7570
** DEBUG: Affected Triage computer found based on event a84131fa-ec4e-414c-a719-ce37aa9574b9
** DEBUG: Affected Triage computer found based on event a84131fa-ec4e-414c-a719-ce37aa9574b9
** DEBUG: Affected Triage computer found based on event 09e65fe0-f661-4f39-9262-aac3b6d70036
** DEBUG: Affected Triage computer found based on event 2e12f1ae-1108-4168-95e7-2cbec8a9e973
** DEBUG: Affected Triage computer found based on event 2e12f1ae-1108-4168-95e7-2cbec8a9e973
** DEBUG: Affected Triage computer found based on event 2e12f1ae-1108-4168-95e7-2cbec8a9e973
** DEBUG: Affected Triage computer found based on event 2e12f1ae-1108-4168-95e7-2cbec8a9e973
** DEBUG: Affected Triage computer found based on event 2e12f1ae-1108-4168-95e7-2cbec8a9e973
** DEBUG: Affected Triage computer found based on event 2e12f1ae-1108-4168-95e7-2cbec8a9e973
** DEBUG: Affected Triage computer found based on event 2e12f1ae-1108-4168-95e7-2cbec8a9e973
** DEBUG: Affected Triage computer found based on event 2e12f1ae-1108-4168-95e7-2cbec8a9e973
** DEBUG: Affected Triage computer found based on event 2e12f1ae-1108-4168-95e7-2cbec8a9e973
** DEBUG: Affected Triage computer found based on event 2e12f1ae-1108-4168-95e7-2cbec8a9e973
** DEBUG: Affected Triage computer found based on event a84131fa-ec4e-414c-a719-ce37aa9574b9
** DEBUG: Affected Triage computer found based on event 9b171912-6aae-4292-85f0-11927bfdd0c2
** DEBUG: Affected Triage computer found based on event 3dbcb4b2-26f3-4ec8-b2d3-fcc4c3a1f3cd
** DEBUG: Affected Triage computer found based on event 3dbcb4b2-26f3-4ec8-b2d3-fcc4c3a1f3cd
** DEBUG: Affected Triage computer found based on event 3dbcb4b2-26f3-4ec8-b2d3-fcc4c3a1f3cd
** DEBUG: Affected Triage computer found based on event 3dbcb4b2-26f3-4ec8-b2d3-fcc4c3a1f3cd
** DEBUG: Affected Triage computer found based on event 3dbcb4b2-26f3-4ec8-b2d3-fcc4c3a1f3cd
** DEBUG: Affected Triage computer found based on event 3dbcb4b2-26f3-4ec8-b2d3-fcc4c3a1f3cd
** DEBUG: Affected Triage computer found based on event 3dbcb4b2-26f3-4ec8-b2d3-fcc4c3a1f3cd
** DEBUG: Affected Triage computer found based on event 3dbcb4b2-26f3-4ec8-b2d3-fcc4c3a1f3cd
** DEBUG: Affected Triage computer found based on event 3dbcb4b2-26f3-4ec8-b2d3-fcc4c3a1f3cd
** DEBUG: Affected Triage computer found based on event 3dbcb4b2-26f3-4ec8-b2d3-fcc4c3a1f3cd
** DEBUG: Affected Triage computer found based on event 3dbcb4b2-26f3-4ec8-b2d3-fcc4c3a1f3cd
** DEBUG: Affected Triage computer found based on event 3dbcb4b2-26f3-4ec8-b2d3-fcc4c3a1f3cd
** DEBUG: Affected Triage computer found based on event 3dbcb4b2-26f3-4ec8-b2d3-fcc4c3a1f3cd
** DEBUG: Affected Triage computer found based on event 3dbcb4b2-26f3-4ec8-b2d3-fcc4c3a1f3cd
** DEBUG: Affected Triage computer found based on event 3dbcb4b2-26f3-4ec8-b2d3-fcc4c3a1f3cd
** DEBUG: Affected Triage computer found based on event 3dbcb4b2-26f3-4ec8-b2d3-fcc4c3a1f3cd
** DEBUG: Affected Triage computer found based on event 3dbcb4b2-26f3-4ec8-b2d3-fcc4c3a1f3cd
** DEBUG: Affected Triage computer found based on event 3dbcb4b2-26f3-4ec8-b2d3-fcc4c3a1f3cd
** DEBUG: Affected Triage computer found based on event 3dbcb4b2-26f3-4ec8-b2d3-fcc4c3a1f3cd
** DEBUG: Affected Triage computer found based on event 3dbcb4b2-26f3-4ec8-b2d3-fcc4c3a1f3cd
** DEBUG: Affected Triage computer found based on event 3dbcb4b2-26f3-4ec8-b2d3-fcc4c3a1f3cd
** DEBUG: Affected Triage computer found based on event 9b171912-6aae-4292-85f0-11927bfdd0c2
** DEBUG: Affected Triage computer found based on event 3dbcb4b2-26f3-4ec8-b2d3-fcc4c3a1f3cd
** DEBUG: Affected Triage computer found based on event 3dbcb4b2-26f3-4ec8-b2d3-fcc4c3a1f3cd
** DEBUG: Affected Triage computer found based on event 9b171912-6aae-4292-85f0-11927bfdd0c2
** DEBUG: Affected Triage computer found based on event 3dbcb4b2-26f3-4ec8-b2d3-fcc4c3a1f3cd
** DEBUG: Affected Triage computer found based on event 09e65fe0-f661-4f39-9262-aac3b6d70036
** DEBUG: Affected Triage computer found based on event 09e65fe0-f661-4f39-9262-aac3b6d70036
** DEBUG: Affected Triage computer found based on event 9b171912-6aae-4292-85f0-11927bfdd0c2
** DEBUG: Affected Triage computer found based on event 9b171912-6aae-4292-85f0-11927bfdd0c2
** DEBUG: Affected Triage computer found based on event 09e65fe0-f661-4f39-9262-aac3b6d70036
** DEBUG: Affected Triage computer found based on event 09e65fe0-f661-4f39-9262-aac3b6d70036
** DEBUG: Affected Triage computer found based on event 09e65fe0-f661-4f39-9262-aac3b6d70036
** DEBUG: Affected Triage computer found based on event 09e65fe0-f661-4f39-9262-aac3b6d70036
** DEBUG: Affected Triage computer found based on event 09e65fe0-f661-4f39-9262-aac3b6d70036
** DEBUG: Affected Triage computer found based on event dfff8e27-fe7a-4cdb-8f8e-1d31ecda5e0a
** DEBUG: Affected Triage computer found based on event 09e65fe0-f661-4f39-9262-aac3b6d70036
** DEBUG: Affected Triage computer found based on event 09e65fe0-f661-4f39-9262-aac3b6d70036
** DEBUG: Affected Triage computer found based on event 09e65fe0-f661-4f39-9262-aac3b6d70036
** DEBUG: Affected Triage computer found based on event 09e65fe0-f661-4f39-9262-aac3b6d70036
** DEBUG: Affected Triage computer found based on event 09e65fe0-f661-4f39-9262-aac3b6d70036
** DEBUG: Affected Triage computer found based on event 09e65fe0-f661-4f39-9262-aac3b6d70036
** DEBUG: Affected Triage computer found based on event dfff8e27-fe7a-4cdb-8f8e-1d31ecda5e0a
** DEBUG: Affected Triage computer found based on event dfff8e27-fe7a-4cdb-8f8e-1d31ecda5e0a
** DEBUG: Affected Triage computer found based on event dfff8e27-fe7a-4cdb-8f8e-1d31ecda5e0a
** DEBUG: Affected Triage computer found based on event dfff8e27-fe7a-4cdb-8f8e-1d31ecda5e0a
** DEBUG: Affected Triage computer found based on event dfff8e27-fe7a-4cdb-8f8e-1d31ecda5e0a
** DEBUG: Affected Triage computer found based on event dfff8e27-fe7a-4cdb-8f8e-1d31ecda5e0a
** DEBUG: Affected Triage computer found based on event dfff8e27-fe7a-4cdb-8f8e-1d31ecda5e0a
** DEBUG: Affected Triage computer found based on event dfff8e27-fe7a-4cdb-8f8e-1d31ecda5e0a
** DEBUG: Affected Triage computer found based on event dfff8e27-fe7a-4cdb-8f8e-1d31ecda5e0a
** DEBUG: Affected Triage computer found based on event dfff8e27-fe7a-4cdb-8f8e-1d31ecda5e0a
** DEBUG: Affected Triage computer found based on event 202a0e61-7cd7-4b48-87f7-c59538626f1f
** DEBUG: Affected Triage computer found based on event 202a0e61-7cd7-4b48-87f7-c59538626f1f
** DEBUG: Affected Triage computer found based on event 202a0e61-7cd7-4b48-87f7-c59538626f1f
** DEBUG: Affected Triage computer found based on event 202a0e61-7cd7-4b48-87f7-c59538626f1f
** DEBUG: Affected Triage computer found based on event 202a0e61-7cd7-4b48-87f7-c59538626f1f
** DEBUG: Affected Triage computer found based on event 202a0e61-7cd7-4b48-87f7-c59538626f1f
** DEBUG: Affected Triage computer found based on event 202a0e61-7cd7-4b48-87f7-c59538626f1f
** DEBUG: Affected Triage computer found based on event 202a0e61-7cd7-4b48-87f7-c59538626f1f
** DEBUG: Affected Triage computer found based on event 202a0e61-7cd7-4b48-87f7-c59538626f1f
** DEBUG: Affected Triage computer found based on event 202a0e61-7cd7-4b48-87f7-c59538626f1f
** DEBUG: Affected Triage computer found based on event dfff8e27-fe7a-4cdb-8f8e-1d31ecda5e0a
** DEBUG: Affected Triage computer found based on event dfff8e27-fe7a-4cdb-8f8e-1d31ecda5e0a
** DEBUG: Affected Triage computer found based on event 202a0e61-7cd7-4b48-87f7-c59538626f1f
** DEBUG: Affected Triage computer found based on event 202a0e61-7cd7-4b48-87f7-c59538626f1f
** DEBUG: Affected Triage computer found based on event 202a0e61-7cd7-4b48-87f7-c59538626f1f
** DEBUG: Affected Triage computer found based on event 202a0e61-7cd7-4b48-87f7-c59538626f1f
** DEBUG: Affected Triage computer found based on event 202a0e61-7cd7-4b48-87f7-c59538626f1f
** DEBUG: Affected Triage computer found based on event 202a0e61-7cd7-4b48-87f7-c59538626f1f
** DEBUG: Affected Triage computer found based on event 9b171912-6aae-4292-85f0-11927bfdd0c2
** DEBUG: Affected Triage computer found based on event f3417398-5533-4f83-bb34-05eb6b3e06b4
** DEBUG: Affected Triage computer found based on event 202a0e61-7cd7-4b48-87f7-c59538626f1f
** DEBUG: Affected Triage computer found based on event 9b171912-6aae-4292-85f0-11927bfdd0c2
** DEBUG: Affected Triage computer found based on event 9b171912-6aae-4292-85f0-11927bfdd0c2
** DEBUG: Affected Triage computer found based on event 9b171912-6aae-4292-85f0-11927bfdd0c2
** DEBUG: Affected Triage computer found based on event 9b171912-6aae-4292-85f0-11927bfdd0c2
** DEBUG: Affected Triage computer found based on event f3417398-5533-4f83-bb34-05eb6b3e06b4
** DEBUG: Affected Triage computer found based on event f3417398-5533-4f83-bb34-05eb6b3e06b4
** DEBUG: Affected Triage computer found based on event f3417398-5533-4f83-bb34-05eb6b3e06b4
** DEBUG: Affected Triage computer found based on event f3417398-5533-4f83-bb34-05eb6b3e06b4
** DEBUG: Affected Triage computer found based on event f3417398-5533-4f83-bb34-05eb6b3e06b4
** DEBUG: Affected Triage computer found based on event f3417398-5533-4f83-bb34-05eb6b3e06b4
** DEBUG: Affected Triage computer found based on event 9b171912-6aae-4292-85f0-11927bfdd0c2
** DEBUG: Affected Triage computer found based on event f3417398-5533-4f83-bb34-05eb6b3e06b4
** DEBUG: Affected Triage computer found based on event f3417398-5533-4f83-bb34-05eb6b3e06b4
** DEBUG: Affected Triage computer found based on event 2683f922-6542-4e70-bfef-27595dc1d7a7
** DEBUG: Affected Triage computer found based on event 09e65fe0-f661-4f39-9262-aac3b6d70036
** DEBUG: Affected Triage computer found based on event dfff8e27-fe7a-4cdb-8f8e-1d31ecda5e0a
** DEBUG: Affected Triage computer found based on event 71eef9d2-4dc0-4a5d-a8d4-ec069dc9445a
** DEBUG: Affected Triage computer found based on event 846a7a74-4565-4f9d-a160-df7ab2ef5939
** DEBUG: Affected Triage computer found based on event 846a7a74-4565-4f9d-a160-df7ab2ef5939
** DEBUG: Affected Triage computer found based on event 846a7a74-4565-4f9d-a160-df7ab2ef5939
** DEBUG: Affected Triage computer found based on event 846a7a74-4565-4f9d-a160-df7ab2ef5939
** DEBUG: Affected Triage computer found based on event 91eab76b-ca0a-4e3d-a246-624296a3c4c7
** DEBUG: Affected Triage computer found based on event 91eab76b-ca0a-4e3d-a246-624296a3c4c7
** DEBUG: Affected Triage computer found based on event 91eab76b-ca0a-4e3d-a246-624296a3c4c7
** DEBUG: Affected Triage computer found based on event 91eab76b-ca0a-4e3d-a246-624296a3c4c7
** DEBUG: Affected Triage computer found based on event 91eab76b-ca0a-4e3d-a246-624296a3c4c7
** DEBUG: Affected Triage computer found based on event 91eab76b-ca0a-4e3d-a246-624296a3c4c7
** DEBUG: Affected Triage computer found based on event 91eab76b-ca0a-4e3d-a246-624296a3c4c7
** DEBUG: Affected Triage computer found based on event 91eab76b-ca0a-4e3d-a246-624296a3c4c7
** DEBUG: Affected Triage computer found based on event 91eab76b-ca0a-4e3d-a246-624296a3c4c7
** DEBUG: Affected Triage computer found based on event 91eab76b-ca0a-4e3d-a246-624296a3c4c7
** DEBUG: Affected Triage computer found based on event 91eab76b-ca0a-4e3d-a246-624296a3c4c7
** DEBUG: Affected Triage computer found based on event 91eab76b-ca0a-4e3d-a246-624296a3c4c7
** DEBUG: Affected Triage computer found based on event 91eab76b-ca0a-4e3d-a246-624296a3c4c7
** DEBUG: Affected Triage computer found based on event 91eab76b-ca0a-4e3d-a246-624296a3c4c7
** DEBUG: Affected Triage computer found based on event 91eab76b-ca0a-4e3d-a246-624296a3c4c7
** DEBUG: Affected Triage computer found based on event 91eab76b-ca0a-4e3d-a246-624296a3c4c7
** DEBUG: Affected Triage computer found based on event 91eab76b-ca0a-4e3d-a246-624296a3c4c7
** DEBUG: Affected Triage computer found based on event 91eab76b-ca0a-4e3d-a246-624296a3c4c7
** DEBUG: Affected Triage computer found based on event 91eab76b-ca0a-4e3d-a246-624296a3c4c7
** DEBUG: Affected Triage computer found based on event 91eab76b-ca0a-4e3d-a246-624296a3c4c7
** DEBUG: Affected Triage computer found based on event 91eab76b-ca0a-4e3d-a246-624296a3c4c7
** DEBUG: Affected Triage computer found based on event 91eab76b-ca0a-4e3d-a246-624296a3c4c7
** DEBUG: Affected Triage computer found based on event 91eab76b-ca0a-4e3d-a246-624296a3c4c7
** DEBUG: Affected Triage computer found based on event 91eab76b-ca0a-4e3d-a246-624296a3c4c7
** DEBUG: Affected Triage computer found based on event 91eab76b-ca0a-4e3d-a246-624296a3c4c7
** DEBUG: Affected Triage computer found based on event 91eab76b-ca0a-4e3d-a246-624296a3c4c7
** DEBUG: Affected Triage computer found based on event 91eab76b-ca0a-4e3d-a246-624296a3c4c7
** DEBUG: Affected Triage computer found based on event 91eab76b-ca0a-4e3d-a246-624296a3c4c7
** DEBUG: Affected Triage computer found based on event 91eab76b-ca0a-4e3d-a246-624296a3c4c7
** DEBUG: Affected Triage computer found based on event 91eab76b-ca0a-4e3d-a246-624296a3c4c7
** DEBUG: Affected Triage computer found based on event 91eab76b-ca0a-4e3d-a246-624296a3c4c7
** DEBUG: Affected Triage computer found based on event 91eab76b-ca0a-4e3d-a246-624296a3c4c7
** DEBUG: Affected Triage computer found based on event 91eab76b-ca0a-4e3d-a246-624296a3c4c7
** DEBUG: Affected Triage computer found based on event 91eab76b-ca0a-4e3d-a246-624296a3c4c7
** DEBUG: Affected Triage computer found based on event 91eab76b-ca0a-4e3d-a246-624296a3c4c7
** DEBUG: Affected Triage computer found based on event 91eab76b-ca0a-4e3d-a246-624296a3c4c7
** DEBUG: Affected Triage computer found based on event 846a7a74-4565-4f9d-a160-df7ab2ef5939
** DEBUG: Affected Triage computer found based on event 846a7a74-4565-4f9d-a160-df7ab2ef5939
** DEBUG: Affected Triage computer found based on event 846a7a74-4565-4f9d-a160-df7ab2ef5939
** DEBUG: Affected Triage computer found based on event 91eab76b-ca0a-4e3d-a246-624296a3c4c7
** DEBUG: Affected Triage computer found based on event 91eab76b-ca0a-4e3d-a246-624296a3c4c7
** DEBUG: Affected Triage computer found based on event 91eab76b-ca0a-4e3d-a246-624296a3c4c7
** DEBUG: Affected Triage computer found based on event 91eab76b-ca0a-4e3d-a246-624296a3c4c7
** DEBUG: Affected Triage computer found based on event 91eab76b-ca0a-4e3d-a246-624296a3c4c7
** DEBUG: Affected Triage computer found based on event 91eab76b-ca0a-4e3d-a246-624296a3c4c7
** DEBUG: Affected Triage computer found based on event 91eab76b-ca0a-4e3d-a246-624296a3c4c7
** DEBUG: Affected Triage computer found based on event 91eab76b-ca0a-4e3d-a246-624296a3c4c7
** DEBUG: Affected Triage computer found based on event 91eab76b-ca0a-4e3d-a246-624296a3c4c7
** DEBUG: Affected Triage computer found based on event 91eab76b-ca0a-4e3d-a246-624296a3c4c7
** DEBUG: Affected Triage computer found based on event 91eab76b-ca0a-4e3d-a246-624296a3c4c7
** DEBUG: Affected Triage computer found based on event 91eab76b-ca0a-4e3d-a246-624296a3c4c7
** DEBUG: Affected Triage computer found based on event 91eab76b-ca0a-4e3d-a246-624296a3c4c7
** DEBUG: Affected Triage computer found based on event 91eab76b-ca0a-4e3d-a246-624296a3c4c7
** DEBUG: Affected Triage computer found based on event 91eab76b-ca0a-4e3d-a246-624296a3c4c7
** DEBUG: Affected Triage computer found based on event 91eab76b-ca0a-4e3d-a246-624296a3c4c7
** DEBUG: Affected Triage computer found based on event 91eab76b-ca0a-4e3d-a246-624296a3c4c7
** DEBUG: Affected Triage computer found based on event 91eab76b-ca0a-4e3d-a246-624296a3c4c7
** DEBUG: Affected Triage computer found based on event 91eab76b-ca0a-4e3d-a246-624296a3c4c7
** DEBUG: Affected Triage computer found based on event 91eab76b-ca0a-4e3d-a246-624296a3c4c7
** DEBUG: Affected Triage computer found based on event 91eab76b-ca0a-4e3d-a246-624296a3c4c7
** DEBUG: Affected Triage computer found based on event 91eab76b-ca0a-4e3d-a246-624296a3c4c7
** DEBUG: Affected Triage computer found based on event 91eab76b-ca0a-4e3d-a246-624296a3c4c7
** DEBUG: Affected Triage computer found based on event 91eab76b-ca0a-4e3d-a246-624296a3c4c7
** DEBUG: Affected Triage computer found based on event 91eab76b-ca0a-4e3d-a246-624296a3c4c7
** DEBUG: Affected Triage computer found based on event 91eab76b-ca0a-4e3d-a246-624296a3c4c7
** DEBUG: Affected Triage computer found based on event 91eab76b-ca0a-4e3d-a246-624296a3c4c7
** DEBUG: Affected Triage computer found based on event 91eab76b-ca0a-4e3d-a246-624296a3c4c7
** DEBUG: Affected Triage computer found based on event 91eab76b-ca0a-4e3d-a246-624296a3c4c7
** DEBUG: Affected Triage computer found based on event 91eab76b-ca0a-4e3d-a246-624296a3c4c7
** DEBUG: Affected Triage computer found based on event 91eab76b-ca0a-4e3d-a246-624296a3c4c7
** DEBUG: Affected Triage computer found based on event 91eab76b-ca0a-4e3d-a246-624296a3c4c7
** DEBUG: Affected Triage computer found based on event 91eab76b-ca0a-4e3d-a246-624296a3c4c7
** DEBUG: Affected Triage computer found based on event 91eab76b-ca0a-4e3d-a246-624296a3c4c7
** DEBUG: Affected Triage computer found based on event 91eab76b-ca0a-4e3d-a246-624296a3c4c7
** DEBUG: Affected Triage computer found based on event 91eab76b-ca0a-4e3d-a246-624296a3c4c7
** DEBUG: Affected Triage computer found based on event 91eab76b-ca0a-4e3d-a246-624296a3c4c7
** DEBUG: Affected Triage computer found based on event 91eab76b-ca0a-4e3d-a246-624296a3c4c7
** DEBUG: Affected Triage computer found based on event 91eab76b-ca0a-4e3d-a246-624296a3c4c7
** DEBUG: Affected Triage computer found based on event 91eab76b-ca0a-4e3d-a246-624296a3c4c7
** DEBUG: Affected Triage computer found based on event 91eab76b-ca0a-4e3d-a246-624296a3c4c7
** DEBUG: Affected Triage computer found based on event 91eab76b-ca0a-4e3d-a246-624296a3c4c7
** DEBUG: Affected Triage computer found based on event 91eab76b-ca0a-4e3d-a246-624296a3c4c7
** DEBUG: Affected Triage computer found based on event 91eab76b-ca0a-4e3d-a246-624296a3c4c7
** DEBUG: Affected Triage computer found based on event 91eab76b-ca0a-4e3d-a246-624296a3c4c7
** DEBUG: Affected Triage computer found based on event 91eab76b-ca0a-4e3d-a246-624296a3c4c7
** DEBUG: Affected Triage computer found based on event 91eab76b-ca0a-4e3d-a246-624296a3c4c7
** DEBUG: Affected Triage computer found based on event 91eab76b-ca0a-4e3d-a246-624296a3c4c7
** DEBUG: Affected Triage computer found based on event 91eab76b-ca0a-4e3d-a246-624296a3c4c7
** DEBUG: Affected Triage computer found based on event 91eab76b-ca0a-4e3d-a246-624296a3c4c7
** DEBUG: Affected Triage computer found based on event 91eab76b-ca0a-4e3d-a246-624296a3c4c7
** DEBUG: Affected Triage computer found based on event 91eab76b-ca0a-4e3d-a246-624296a3c4c7
** DEBUG: Affected Triage computer found based on event 91eab76b-ca0a-4e3d-a246-624296a3c4c7
** DEBUG: Affected Triage computer found based on event 91eab76b-ca0a-4e3d-a246-624296a3c4c7
** DEBUG: Affected Triage computer found based on event 91eab76b-ca0a-4e3d-a246-624296a3c4c7
** DEBUG: Affected Triage computer found based on event 91eab76b-ca0a-4e3d-a246-624296a3c4c7
** DEBUG: Affected Triage computer found based on event 91eab76b-ca0a-4e3d-a246-624296a3c4c7
** DEBUG: Affected Triage computer found based on event 91eab76b-ca0a-4e3d-a246-624296a3c4c7
** DEBUG: Affected Triage computer found based on event 91eab76b-ca0a-4e3d-a246-624296a3c4c7
** DEBUG: Affected Triage computer found based on event 91eab76b-ca0a-4e3d-a246-624296a3c4c7
** DEBUG: Affected Triage computer found based on event 91eab76b-ca0a-4e3d-a246-624296a3c4c7
** DEBUG: Affected Triage computer found based on event 91eab76b-ca0a-4e3d-a246-624296a3c4c7
** DEBUG: Affected Triage computer found based on event 91eab76b-ca0a-4e3d-a246-624296a3c4c7
** DEBUG: Affected Triage computer found based on event 91eab76b-ca0a-4e3d-a246-624296a3c4c7
** DEBUG: Affected Triage computer found based on event 91eab76b-ca0a-4e3d-a246-624296a3c4c7
** DEBUG: Affected Triage computer found based on event 91eab76b-ca0a-4e3d-a246-624296a3c4c7
** DEBUG: Affected Triage computer found based on event 91eab76b-ca0a-4e3d-a246-624296a3c4c7
** DEBUG: Affected Triage computer found based on event 91eab76b-ca0a-4e3d-a246-624296a3c4c7
** DEBUG: Affected Triage computer found based on event 91eab76b-ca0a-4e3d-a246-624296a3c4c7
** DEBUG: Affected Triage computer found based on event 91eab76b-ca0a-4e3d-a246-624296a3c4c7
** DEBUG: Affected Triage computer found based on event 91eab76b-ca0a-4e3d-a246-624296a3c4c7
** DEBUG: Affected Triage computer found based on event 91eab76b-ca0a-4e3d-a246-624296a3c4c7
** DEBUG: Affected Triage computer found based on event 71eef9d2-4dc0-4a5d-a8d4-ec069dc9445a
** DEBUG: Affected Triage computer found based on event 71eef9d2-4dc0-4a5d-a8d4-ec069dc9445a
** DEBUG: Affected Triage computer found based on event 71eef9d2-4dc0-4a5d-a8d4-ec069dc9445a
** DEBUG: Affected Triage computer found based on event 71eef9d2-4dc0-4a5d-a8d4-ec069dc9445a
** DEBUG: Affected Triage computer found based on event 71eef9d2-4dc0-4a5d-a8d4-ec069dc9445a
** DEBUG: Affected Triage computer found based on event 71eef9d2-4dc0-4a5d-a8d4-ec069dc9445a
** DEBUG: Affected Triage computer found based on event 71eef9d2-4dc0-4a5d-a8d4-ec069dc9445a
** DEBUG: Affected Triage computer found based on event 71eef9d2-4dc0-4a5d-a8d4-ec069dc9445a
** DEBUG: Affected Triage computer found based on event 71eef9d2-4dc0-4a5d-a8d4-ec069dc9445a
** DEBUG: Affected Triage computer found based on event 71eef9d2-4dc0-4a5d-a8d4-ec069dc9445a
** DEBUG: Affected Triage computer found based on event 71eef9d2-4dc0-4a5d-a8d4-ec069dc9445a
** DEBUG: Affected Triage computer found based on event 71eef9d2-4dc0-4a5d-a8d4-ec069dc9445a
** DEBUG: Affected Triage computer found based on event 71eef9d2-4dc0-4a5d-a8d4-ec069dc9445a
** DEBUG: Affected Triage computer found based on event 71eef9d2-4dc0-4a5d-a8d4-ec069dc9445a
** DEBUG: Triage Affected Computer id: 3d39b68b-3563-4672-9aa2-2c17203b09ad
** DEBUG: Triage Affected Computer id: 91eab76b-ca0a-4e3d-a246-624296a3c4c7
** DEBUG: Triage Affected Computer id: dfff8e27-fe7a-4cdb-8f8e-1d31ecda5e0a
** DEBUG: Triage Affected Computer id: a84131fa-ec4e-414c-a719-ce37aa9574b9
** DEBUG: Triage Affected Computer id: 2683f922-6542-4e70-bfef-27595dc1d7a7
** DEBUG: Triage Affected Computer id: 846a7a74-4565-4f9d-a160-df7ab2ef5939
** DEBUG: Triage Affected Computer id: 09e65fe0-f661-4f39-9262-aac3b6d70036
** DEBUG: Triage Affected Computer id: 2a0cc5d8-2b9c-4a50-be64-4ea2d9a124fe
** DEBUG: Triage Affected Computer id: 71eef9d2-4dc0-4a5d-a8d4-ec069dc9445a
** DEBUG: Triage Affected Computer id: 9b171912-6aae-4292-85f0-11927bfdd0c2
** DEBUG: Triage Affected Computer id: 2e12f1ae-1108-4168-95e7-2cbec8a9e973
** DEBUG: Triage Affected Computer id: 202a0e61-7cd7-4b48-87f7-c59538626f1f
** DEBUG: Triage Affected Computer id: 3dbcb4b2-26f3-4ec8-b2d3-fcc4c3a1f3cd
** DEBUG: Triage Affected Computer id: ff94ea33-8b3f-4338-9b02-d7b89d4f7570
** DEBUG: Triage Affected Computer id: 212b9cf3-6593-49a5-a10d-cdd7a92f39cb
** DEBUG: Triage Affected Computer id: 1211ab10-634a-43c5-9785-cfbcea44ecac
** DEBUG: Triage Affected Computer id: f3417398-5533-4f83-bb34-05eb6b3e06b4
** DEBUG: Triage Affected Computer mac_addr: 24:35:a0:56:43:f6
** DEBUG: Triage Affected Computer mac_addr: 97:28:44:9f:77:c1
** DEBUG: Triage Affected Computer mac_addr: f8:e5:b6:00:d5:b9
** DEBUG: Triage Affected Computer mac_addr: 5e:ab:7f:fc:b2:6f
** DEBUG: Triage Affected Computer mac_addr: 84:38:6a:35:19:e2
** DEBUG: Triage Affected Computer mac_addr: 6b:a6:fe:6c:02:67
** DEBUG: Triage Affected Computer mac_addr: c2:84:53:71:56:2c
** DEBUG: Triage Affected Computer mac_addr: 61:ad:ed:41:e1:80
** DEBUG: Triage Affected Computer mac_addr: 58:62:42:7d:fc:51
** DEBUG: Triage Affected Computer mac_addr: 5c:20:4b:ad:9e:00
** DEBUG: Triage Affected Computer mac_addr: 63:8c:60:a2:1e:5c
** DEBUG: Triage Affected Computer mac_addr: 2f:4c:68:9d:bf:68
** DEBUG: Triage Affected Computer mac_addr: 24:61:ff:22:5f:6d
** DEBUG: Triage Affected Computer mac_addr: 34:1b:cf:c4:63:a1
** DEBUG: Triage Affected Computer mac_addr: 40:c3:05:84:31:00
** DEBUG: Triage Affected Computer mac_addr: 77:3a:d3:09:c8:19
** DEBUG: Triage Affected Computer mac_addr: fe:27:ea:f4:b3:20
** DEBUG: Affected Computer id: 3d39b68b-3563-4672-9aa2-2c17203b09ad move to new group
** DEBUG: Affected Computer id: 91eab76b-ca0a-4e3d-a246-624296a3c4c7 move to new group
** DEBUG: Affected Computer id: dfff8e27-fe7a-4cdb-8f8e-1d31ecda5e0a move to new group
** DEBUG: Affected Computer id: a84131fa-ec4e-414c-a719-ce37aa9574b9 move to new group
** DEBUG: Affected Computer id: 2683f922-6542-4e70-bfef-27595dc1d7a7 move to new group
** DEBUG: Affected Computer id: 846a7a74-4565-4f9d-a160-df7ab2ef5939 move to new group
** DEBUG: Affected Computer id: 09e65fe0-f661-4f39-9262-aac3b6d70036 move to new group
** DEBUG: Affected Computer id: 2a0cc5d8-2b9c-4a50-be64-4ea2d9a124fe move to new group
** DEBUG: Affected Computer id: 71eef9d2-4dc0-4a5d-a8d4-ec069dc9445a move to new group
** DEBUG: Affected Computer id: 9b171912-6aae-4292-85f0-11927bfdd0c2 move to new group
** DEBUG: Affected Computer id: 2e12f1ae-1108-4168-95e7-2cbec8a9e973 move to new group
** DEBUG: Affected Computer id: 202a0e61-7cd7-4b48-87f7-c59538626f1f move to new group
** DEBUG: Affected Computer id: 3dbcb4b2-26f3-4ec8-b2d3-fcc4c3a1f3cd move to new group
** DEBUG: Affected Computer id: ff94ea33-8b3f-4338-9b02-d7b89d4f7570 move to new group
** DEBUG: Affected Computer id: 212b9cf3-6593-49a5-a10d-cdd7a92f39cb move to new group
** DEBUG: Affected Computer id: 1211ab10-634a-43c5-9785-cfbcea44ecac move to new group
** DEBUG: Affected Computer id: f3417398-5533-4f83-bb34-05eb6b3e06b4 move to new group
